<?xml version="1.0" encoding="UTF-8"?>
<!-- Generated by org.testng.reporters.JUnitReportReporter -->
<testsuite hostname="DESKTOP-3OF9PN3" failures="0" tests="1" name="tests.Test2" time="6.222" errors="0" timestamp="2023-04-27T18:08:18 IST" skipped="0">
  <testcase classname="tests.Test2" name="test3" time="6.222"/>
  <system-out/>
</testsuite> <!-- tests.Test2 -->
