<?xml version="1.0" encoding="UTF-8"?>
<!-- Generated by org.testng.reporters.JUnitReportReporter -->
<testsuite hostname="DESKTOP-3OF9PN3" failures="0" tests="1" name="tests.Test1" time="0.012" errors="0" timestamp="2023-04-27T18:02:26 IST" skipped="0">
  <testcase classname="tests.Test1" name="test" time="0.012"/>
  <system-out/>
</testsuite> <!-- tests.Test1 -->
